#
# There is insufficient memory for the Java Runtime Environment to continue.
# Native memory allocation (malloc) failed to allocate 480104 bytes for AllocateHeap
# Possible reasons:
#   The system is out of physical RAM or swap space
#   In 32 bit mode, the process size limit was hit
# Possible solutions:
#   Reduce memory load on the system
#   Increase physical memory or swap space
#   Check if swap backing store is full
#   Use 64 bit Java on a 64 bit OS
#   Decrease Java heap size (-Xmx/-Xms)
#   Decrease number of Java threads
#   Decrease Java thread stack sizes (-Xss)
#   Set larger code cache with -XX:ReservedCodeCacheSize=
# This output file may be truncated or incomplete.
#
#  Out of Memory Error (memory/allocation.inline.hpp:61), pid=3520, tid=0x0000000000002b3c
#
# JRE version:  (8.0_152-b02) (build )
# Java VM: OpenJDK 64-Bit Server VM (25.152-b02 mixed mode windows-amd64 compressed oops)
# Failed to write core dump. Minidumps are not enabled by default on client versions of Windows
#

---------------  T H R E A D  ---------------

Current thread (0x0000000003485000):  JavaThread "Unknown thread" [_thread_in_vm, id=11068, stack(0x00000000032e0000,0x00000000033e0000)]

Stack: [0x00000000032e0000,0x00000000033e0000]
[error occurred during error reporting (printing stack bounds), id 0xc0000005]

Native frames: (J=compiled Java code, j=interpreted, Vv=VM code, C=native code)


---------------  P R O C E S S  ---------------

Java Threads: ( => current thread )

Other Threads:

=>0x0000000003485000 (exited) JavaThread "Unknown thread" [_thread_in_vm, id=11068, stack(0x00000000032e0000,0x00000000033e0000)]

VM state:not at safepoint (not fully initialized)

VM Mutex/Monitor currently owned by a thread: None

GC Heap History (0 events):
No events

Deoptimization events (0 events):
No events

Classes redefined (0 events):
No events

Internal exceptions (0 events):
No events

Events (0 events):
No events


Dynamic libraries:
0x00007ff6c3540000 - 0x00007ff6c3571000 	D:\Program Files\Android\Android Studio\jre\bin\java.exe
0x00007ff8194e0000 - 0x00007ff8196c1000 	C:\Windows\SYSTEM32\ntdll.dll
0x00007ff816c60000 - 0x00007ff816d12000 	C:\Windows\System32\KERNEL32.DLL
0x00007ff815ca0000 - 0x00007ff815f13000 	C:\Windows\System32\KERNELBASE.dll
0x00007ff817f60000 - 0x00007ff818001000 	C:\Windows\System32\ADVAPI32.dll
0x00007ff817a40000 - 0x00007ff817ade000 	C:\Windows\System32\msvcrt.dll
0x00007ff8179e0000 - 0x00007ff817a3b000 	C:\Windows\System32\sechost.dll
0x00007ff816b30000 - 0x00007ff816c54000 	C:\Windows\System32\RPCRT4.dll
0x00007ff817050000 - 0x00007ff8171e0000 	C:\Windows\System32\USER32.dll
0x00007ff815f20000 - 0x00007ff815f40000 	C:\Windows\System32\win32u.dll
0x00007ff817240000 - 0x00007ff817268000 	C:\Windows\System32\GDI32.dll
0x00007ff815f40000 - 0x00007ff8160d2000 	C:\Windows\System32\gdi32full.dll
0x00007ff815900000 - 0x00007ff81599f000 	C:\Windows\System32\msvcp_win.dll
0x00007ff8160e0000 - 0x00007ff8161da000 	C:\Windows\System32\ucrtbase.dll
0x00007ff803960000 - 0x00007ff803bc9000 	C:\Windows\WinSxS\amd64_microsoft.windows.common-controls_6595b64144ccf1df_6.0.17134.228_none_fb4599993062b194\COMCTL32.dll
0x00007ff816d20000 - 0x00007ff817043000 	C:\Windows\System32\combase.dll
0x00007ff8168f0000 - 0x00007ff81696a000 	C:\Windows\System32\bcryptPrimitives.dll
0x00007ff816b00000 - 0x00007ff816b2d000 	C:\Windows\System32\IMM32.DLL
0x000000006f930000 - 0x000000006fa02000 	D:\Program Files\Android\Android Studio\jre\jre\bin\msvcr100.dll
0x000000006ed50000 - 0x000000006f58f000 	D:\Program Files\Android\Android Studio\jre\jre\bin\server\jvm.dll
0x00007ff816af0000 - 0x00007ff816af8000 	C:\Windows\System32\PSAPI.DLL
0x00007ff8143f0000 - 0x00007ff8143f9000 	C:\Windows\SYSTEM32\WSOCK32.dll
0x00007ff80e3f0000 - 0x00007ff80e413000 	C:\Windows\SYSTEM32\WINMM.dll
0x00007ff80e760000 - 0x00007ff80e76a000 	C:\Windows\SYSTEM32\VERSION.dll
0x00007ff817970000 - 0x00007ff8179dc000 	C:\Windows\System32\WS2_32.dll
0x00007ff80e2f0000 - 0x00007ff80e31a000 	C:\Windows\SYSTEM32\winmmbase.dll
0x00007ff8158b0000 - 0x00007ff8158f9000 	C:\Windows\System32\cfgmgr32.dll
0x00007ff8117c0000 - 0x00007ff8117cf000 	D:\Program Files\Android\Android Studio\jre\jre\bin\verify.dll
0x00007ff8052d0000 - 0x00007ff8052f9000 	D:\Program Files\Android\Android Studio\jre\jre\bin\java.dll
0x00007ff80b380000 - 0x00007ff80b396000 	D:\Program Files\Android\Android Studio\jre\jre\bin\zip.dll

VM Arguments:
jvm_args: -Djava.awt.headless=true -Xmx64M -Dfile.encoding=x-windows-949 -Duser.country=KR -Duser.language=ko -Duser.variant 
java_command: com.google.devtools.build.android.desugar.Desugar --input D:\System\Workspace\Android\Regular\TaskDoc\app\build\intermediates\tmp\desugar_changed4915915990228337175 --output D:\System\Workspace\Android\Regular\TaskDoc\app\build\intermediates\transforms\desugar\debug\0 --classpath_entry D:\System\Workspace\Android\Regular\TaskDoc\app\build\intermediates\classes\debug --classpath_entry D:\System\Workspace\Android\Regular\TaskDoc\app\build\intermediates\transforms\stackFramesFixer\debug\9.jar --classpath_entry D:\System\Workspace\Android\Regular\TaskDoc\app\build\intermediates\transforms\stackFramesFixer\debug\15.jar --classpath_entry D:\System\Workspace\Android\Regular\TaskDoc\app\build\intermediates\transforms\stackFramesFixer\debug\40.jar --classpath_entry D:\System\Workspace\Android\Regular\TaskDoc\app\build\intermediates\transforms\stackFramesFixer\debug\23.jar --classpath_entry D:\System\Workspace\Android\Regular\TaskDoc\app\build\intermediates\transforms\stackFramesFixer\debug\41.jar --classpath_entry D:\System\Workspace\Android\Regular\TaskDoc\app\build\intermediates\transforms\stackFramesFixer\debug\32.jar --classpath_entry D:\System\Workspace\Android\Regular\TaskDoc\app\build\intermediates\transforms\stackFramesFixer\debug\49.jar --classpath_entry D:\System\Workspace\Android\Regular\TaskDoc\app\build\intermediates\transforms\stackFramesFixer\debug\0.jar --classpath_entry D:\System\Workspace\Android\Regular\TaskDoc\app\build\intermediates\transforms\stackFramesFixer\debug\14.jar --classpath_entry D:\System\Workspace\Android\Regular\TaskDoc\app\build\intermediates\transforms\stackFramesFixer\debug\8.jar --classpath_entry D:\System\Workspace\Android\Regular\TaskDoc\app\build\intermediates\transforms\stackFramesFixer\debug\7.jar --classpath_entry D:\System\Workspace\Android\Regular\TaskDoc\app\build\intermediates\transforms\stackFramesFixer\debug\48.jar --classpath_entry D:\System\Workspace\Android\Regular\TaskDoc\app\build\intermediates\transform
java_class_path (initial): C:\Users\dltlg\AppData\Local\Temp\desugar_deploy.jar2596935129011434646
Launcher Type: SUN_STANDARD

Environment Variables:
JAVA_HOME=C:\Program Files\Java\jdk1.8.0_171
PATH=C:\Program Files\Java\jdk1.8.0_171\bin;C:\Windows\system32;C:\Windows;C:\Windows\System32\Wbem;C:\Windows\System32\WindowsPowerShell\v1.0\;C:\Windows\System32\OpenSSH\;D:\Program Files\PuTTY\;C:\Program Files (x86)\MySQL\MySQL Utilities 1.6\;D:\Program Files\Git\cmd;C:\Program Files (x86)\NVIDIA Corporation\PhysX\Common;C:\Users\dltlg\AppData\Local\Microsoft\WindowsApps;C:\Program Files\Bandizip\;D:\Program Files\Fiddler
USERNAME=dltlg
OS=Windows_NT
PROCESSOR_IDENTIFIER=Intel64 Family 6 Model 94 Stepping 3, GenuineIntel



---------------  S Y S T E M  ---------------

OS: Windows 10.0 , 64 bit Build 17134 (10.0.17134.1)

CPU:total 4 (initial active 4) (4 cores per cpu, 1 threads per core) family 6 model 94 stepping 3, cmov, cx8, fxsr, mmx, sse, sse2, sse3, ssse3, sse4.1, sse4.2, popcnt, avx, avx2, aes, clmul, erms, rtm, 3dnowpref, lzcnt, tsc, tscinvbit, bmi1, bmi2, adx

Memory: 4k page, physical 8258828k(582356k free), swap 12354828k(3368k free)

vm_info: OpenJDK 64-Bit Server VM (25.152-b02) for windows-amd64 JRE (1.8.0_152-release-1024-b02), built by "builder" with MS VC++ 10.0 (VS2010)

time: Wed Sep 05 12:51:15 2018
elapsed time: 0 seconds (0d 0h 0m 0s)

