#
# There is insufficient memory for the Java Runtime Environment to continue.
# Native memory allocation (malloc) failed to allocate 32744 bytes for ChunkPool::allocate
# Possible reasons:
#   The system is out of physical RAM or swap space
#   In 32 bit mode, the process size limit was hit
# Possible solutions:
#   Reduce memory load on the system
#   Increase physical memory or swap space
#   Check if swap backing store is full
#   Use 64 bit Java on a 64 bit OS
#   Decrease Java heap size (-Xmx/-Xms)
#   Decrease number of Java threads
#   Decrease Java thread stack sizes (-Xss)
#   Set larger code cache with -XX:ReservedCodeCacheSize=
# This output file may be truncated or incomplete.
#
#  Out of Memory Error (allocation.cpp:273), pid=2736, tid=0x0000000000002df8
#
# JRE version: OpenJDK Runtime Environment (8.0_152-b02) (build 1.8.0_152-release-1024-b02)
# Java VM: OpenJDK 64-Bit Server VM (25.152-b02 mixed mode windows-amd64 compressed oops)
# Failed to write core dump. Minidumps are not enabled by default on client versions of Windows
#

---------------  T H R E A D  ---------------

Current thread (0x0000000014f41000):  JavaThread "C1 CompilerThread2" daemon [_thread_in_native, id=11768, stack(0x00000000156e0000,0x00000000157e0000)]

Stack: [0x00000000156e0000,0x00000000157e0000]
[error occurred during error reporting (printing stack bounds), id 0xc0000005]

Native frames: (J=compiled Java code, j=interpreted, Vv=VM code, C=native code)


Current CompileTask:
C1:    550  266       3       jdk.internal.org.objectweb.asm.Frame::execute (2252 bytes)


---------------  P R O C E S S  ---------------

Java Threads: ( => current thread )
  0x0000000014f48800 JavaThread "Service Thread" daemon [_thread_blocked, id=8628, stack(0x00000000157e0000,0x00000000158e0000)]
=>0x0000000014f41000 JavaThread "C1 CompilerThread2" daemon [_thread_in_native, id=11768, stack(0x00000000156e0000,0x00000000157e0000)]
  0x0000000013b08000 JavaThread "C2 CompilerThread1" daemon [_thread_in_vm, id=1224, stack(0x00000000155e0000,0x00000000156e0000)]
  0x0000000014f23000 JavaThread "C2 CompilerThread0" daemon [_thread_blocked, id=14064, stack(0x00000000154e0000,0x00000000155e0000)]
  0x0000000014f22800 JavaThread "Attach Listener" daemon [_thread_blocked, id=3352, stack(0x00000000153e0000,0x00000000154e0000)]
  0x0000000013adf000 JavaThread "Signal Dispatcher" daemon [_thread_blocked, id=13724, stack(0x00000000152e0000,0x00000000153e0000)]
  0x0000000013acf000 JavaThread "Finalizer" daemon [_thread_blocked, id=9540, stack(0x0000000014d50000,0x0000000014e50000)]
  0x0000000003779800 JavaThread "Reference Handler" daemon [_thread_blocked, id=16080, stack(0x0000000014c50000,0x0000000014d50000)]
  0x0000000003686800 JavaThread "main" [_thread_in_vm, id=4396, stack(0x00000000034f0000,0x00000000035f0000)]

Other Threads:
  0x0000000013aa6000 VMThread [stack: 0x0000000014b50000,0x0000000014c50000] [id=772]
  0x0000000014f49800 WatcherThread [stack: 0x00000000158e0000,0x00000000159e0000] [id=10876]

VM state:not at safepoint (normal execution)

VM Mutex/Monitor currently owned by a thread: None

Heap:
 PSYoungGen      total 18944K, used 4304K [0x00000000feb00000, 0x0000000100000000, 0x0000000100000000)
  eden space 16384K, 26% used [0x00000000feb00000,0x00000000fef34200,0x00000000ffb00000)
  from space 2560K, 0% used [0x00000000ffd80000,0x00000000ffd80000,0x0000000100000000)
  to   space 2560K, 0% used [0x00000000ffb00000,0x00000000ffb00000,0x00000000ffd80000)
 ParOldGen       total 44032K, used 0K [0x00000000fc000000, 0x00000000feb00000, 0x00000000feb00000)
  object space 44032K, 0% used [0x00000000fc000000,0x00000000fc000000,0x00000000feb00000)
 Metaspace       used 4920K, capacity 5084K, committed 5248K, reserved 1056768K
  class space    used 539K, capacity 612K, committed 640K, reserved 1048576K

Card table byte_map: [0x0000000003020000,0x0000000003050000] byte_map_base: 0x0000000002840000

Marking Bits: (ParMarkBitMap*) 0x0000000058674970
 Begin Bits: [0x0000000012f40000, 0x0000000013040000)
 End Bits:   [0x0000000013040000, 0x0000000013140000)

Polling page: 0x0000000001820000

CodeCache: size=245760Kb used=1596Kb max_used=1605Kb free=244163Kb
 bounds [0x0000000003780000, 0x00000000039f0000, 0x0000000012780000]
 total_blobs=579 nmethods=274 adapters=219
 compilation: enabled

Compilation events (10 events):
Event: 0.544 Thread 0x0000000014f41000 nmethod 260 0x0000000003907790 code [0x00000000039079c0, 0x0000000003908758]
Event: 0.544 Thread 0x0000000014f41000  261       3       java.lang.invoke.InvokerBytecodeGenerator::isStaticallyNameable (116 bytes)
Event: 0.544 Thread 0x0000000014f23000  267       4       java.lang.String::equals (81 bytes)
Event: 0.546 Thread 0x0000000014f41000 nmethod 261 0x0000000003908c90 code [0x0000000003908fe0, 0x000000000390af98]
Event: 0.546 Thread 0x0000000014f41000  263       3       jdk.internal.org.objectweb.asm.Item::isEqualTo (354 bytes)
Event: 0.546 Thread 0x0000000014f41000 nmethod 263 0x000000000390bf10 code [0x000000000390c140, 0x000000000390ce08]
Event: 0.546 Thread 0x0000000014f41000  262       3       java.lang.invoke.MemberName::getInvocationType (56 bytes)
Event: 0.546 Thread 0x0000000014f41000 nmethod 262 0x000000000390d1d0 code [0x000000000390d3c0, 0x000000000390dfc8]
Event: 0.546 Thread 0x0000000014f41000  266       3       jdk.internal.org.objectweb.asm.Frame::execute (2252 bytes)
Event: 0.547 Thread 0x0000000014f23000 nmethod 267 0x0000000003911110 code [0x0000000003911260, 0x0000000003911498]

GC Heap History (0 events):
No events

Deoptimization events (0 events):
No events

Classes redefined (0 events):
No events

Internal exceptions (3 events):
Event: 0.032 Thread 0x0000000003686800 Exception <a 'java/lang/NoSuchMethodError': Method sun.misc.Unsafe.defineClass(Ljava/lang/String;[BII)Ljava/lang/Class; name or signature does not match> (0x00000000feb07ca8) thrown at [D:\src\AOSP-openjdk-cygwin\jdk8u\hotspot\src\share\vm\prims\jni.cpp, 
Event: 0.032 Thread 0x0000000003686800 Exception <a 'java/lang/NoSuchMethodError': Method sun.misc.Unsafe.prefetchRead(Ljava/lang/Object;J)V name or signature does not match> (0x00000000feb07f90) thrown at [D:\src\AOSP-openjdk-cygwin\jdk8u\hotspot\src\share\vm\prims\jni.cpp, line 4011]
Event: 0.482 Thread 0x0000000003686800 Exception <a 'sun/nio/fs/WindowsException'> (0x00000000fed64340) thrown at [D:\src\AOSP-openjdk-cygwin\jdk8u\hotspot\src\share\vm\prims\jni.cpp, line 709]

Events (10 events):
Event: 0.526 loading class java/lang/invoke/MethodHandleImpl$AsVarargsCollector
Event: 0.526 loading class java/lang/invoke/DelegatingMethodHandle
Event: 0.526 loading class java/lang/invoke/DelegatingMethodHandle done
Event: 0.526 loading class java/lang/invoke/MethodHandleImpl$AsVarargsCollector done
Event: 0.527 loading class java/lang/invoke/WrongMethodTypeException
Event: 0.527 loading class java/lang/invoke/WrongMethodTypeException done
Event: 0.529 loading class java/lang/invoke/MethodHandleImpl$Lazy
Event: 0.529 loading class java/lang/invoke/MethodHandleImpl$Lazy done
Event: 0.530 loading class java/lang/invoke/MethodHandleImpl$IntrinsicMethodHandle
Event: 0.530 loading class java/lang/invoke/MethodHandleImpl$IntrinsicMethodHandle done


Dynamic libraries:
0x00007ff7278c0000 - 0x00007ff7278f1000 	D:\Program Files\Android\Android Studio\jre\bin\java.exe
0x00007ffde4170000 - 0x00007ffde4351000 	C:\Windows\SYSTEM32\ntdll.dll
0x00007ffde17b0000 - 0x00007ffde1862000 	C:\Windows\System32\KERNEL32.DLL
0x00007ffde1330000 - 0x00007ffde15a3000 	C:\Windows\System32\KERNELBASE.dll
0x00007ffde3f30000 - 0x00007ffde3fd1000 	C:\Windows\System32\ADVAPI32.dll
0x00007ffde3fe0000 - 0x00007ffde407e000 	C:\Windows\System32\msvcrt.dll
0x00007ffde4080000 - 0x00007ffde40db000 	C:\Windows\System32\sechost.dll
0x00007ffde3aa0000 - 0x00007ffde3bc4000 	C:\Windows\System32\RPCRT4.dll
0x00007ffde3d70000 - 0x00007ffde3f00000 	C:\Windows\System32\USER32.dll
0x00007ffde0540000 - 0x00007ffde0560000 	C:\Windows\System32\win32u.dll
0x00007ffde3d30000 - 0x00007ffde3d58000 	C:\Windows\System32\GDI32.dll
0x00007ffde08d0000 - 0x00007ffde0a62000 	C:\Windows\System32\gdi32full.dll
0x00007ffde11e0000 - 0x00007ffde127f000 	C:\Windows\System32\msvcp_win.dll
0x00007ffde0560000 - 0x00007ffde065a000 	C:\Windows\System32\ucrtbase.dll
0x00007ffdd4b20000 - 0x00007ffdd4d89000 	C:\Windows\WinSxS\amd64_microsoft.windows.common-controls_6595b64144ccf1df_6.0.17134.228_none_fb4599993062b194\COMCTL32.dll
0x00007ffde1b10000 - 0x00007ffde1e33000 	C:\Windows\System32\combase.dll
0x00007ffde0850000 - 0x00007ffde08ca000 	C:\Windows\System32\bcryptPrimitives.dll
0x00007ffde3f00000 - 0x00007ffde3f2d000 	C:\Windows\System32\IMM32.DLL
0x0000000058ff0000 - 0x00000000590c2000 	D:\Program Files\Android\Android Studio\jre\jre\bin\msvcr100.dll
0x0000000057eb0000 - 0x00000000586ef000 	D:\Program Files\Android\Android Studio\jre\jre\bin\server\jvm.dll
0x00007ffde1b00000 - 0x00007ffde1b08000 	C:\Windows\System32\PSAPI.DLL
0x00007ffddf080000 - 0x00007ffddf089000 	C:\Windows\SYSTEM32\WSOCK32.dll
0x00007ffde2490000 - 0x00007ffde24fc000 	C:\Windows\System32\WS2_32.dll
0x00007ffdd3150000 - 0x00007ffdd3173000 	C:\Windows\SYSTEM32\WINMM.dll
0x00007ffdd4da0000 - 0x00007ffdd4daa000 	C:\Windows\SYSTEM32\VERSION.dll
0x00007ffdd3120000 - 0x00007ffdd314a000 	C:\Windows\SYSTEM32\WINMMBASE.dll
0x00007ffde15b0000 - 0x00007ffde15f9000 	C:\Windows\System32\cfgmgr32.dll
0x00007ffdda660000 - 0x00007ffdda66f000 	D:\Program Files\Android\Android Studio\jre\jre\bin\verify.dll
0x00007ffdcf3f0000 - 0x00007ffdcf419000 	D:\Program Files\Android\Android Studio\jre\jre\bin\java.dll
0x00007ffdcf3d0000 - 0x00007ffdcf3e6000 	D:\Program Files\Android\Android Studio\jre\jre\bin\zip.dll
0x00007ffde2650000 - 0x00007ffde3a90000 	C:\Windows\System32\SHELL32.dll
0x00007ffde2500000 - 0x00007ffde25a9000 	C:\Windows\System32\shcore.dll
0x00007ffde0ad0000 - 0x00007ffde11dd000 	C:\Windows\System32\windows.storage.dll
0x00007ffde16f0000 - 0x00007ffde1741000 	C:\Windows\System32\shlwapi.dll
0x00007ffde0520000 - 0x00007ffde0531000 	C:\Windows\System32\kernel.appcore.dll
0x00007ffde04f0000 - 0x00007ffde050f000 	C:\Windows\System32\profapi.dll
0x00007ffde04a0000 - 0x00007ffde04ec000 	C:\Windows\System32\powrprof.dll
0x00007ffde0510000 - 0x00007ffde051a000 	C:\Windows\System32\FLTLIB.DLL
0x00007ffddfeb0000 - 0x00007ffddfec7000 	C:\Windows\SYSTEM32\CRYPTSP.dll
0x00007ffddf8e0000 - 0x00007ffddf913000 	C:\Windows\system32\rsaenh.dll
0x00007ffddffe0000 - 0x00007ffde0005000 	C:\Windows\SYSTEM32\bcrypt.dll
0x00007ffde0380000 - 0x00007ffde03a8000 	C:\Windows\SYSTEM32\USERENV.dll
0x00007ffddfed0000 - 0x00007ffddfedb000 	C:\Windows\SYSTEM32\CRYPTBASE.dll
0x00007ffdcf340000 - 0x00007ffdcf35a000 	D:\Program Files\Android\Android Studio\jre\jre\bin\net.dll
0x00007ffddfd00000 - 0x00007ffddfd66000 	C:\Windows\system32\mswsock.dll
0x00007ffddfa80000 - 0x00007ffddfab8000 	C:\Windows\SYSTEM32\IPHLPAPI.DLL
0x00007ffde3a90000 - 0x00007ffde3a98000 	C:\Windows\System32\NSI.dll
0x00007ffdd88b0000 - 0x00007ffdd88c6000 	C:\Windows\SYSTEM32\dhcpcsvc6.DLL
0x00007ffdd8d80000 - 0x00007ffdd8d9a000 	C:\Windows\SYSTEM32\dhcpcsvc.DLL
0x00007ffdcf2a0000 - 0x00007ffdcf2b1000 	D:\Program Files\Android\Android Studio\jre\jre\bin\nio.dll

VM Arguments:
jvm_args: -Djava.awt.headless=true -Xmx64M -Dfile.encoding=x-windows-949 -Duser.country=KR -Duser.language=ko -Duser.variant 
java_command: com.google.devtools.build.android.desugar.Desugar --input D:\System\Workspace\Android\Regular\TaskDoc\app\build\intermediates\transforms\stackFramesFixer\debug\14.jar --output D:\System\Workspace\Android\Regular\TaskDoc\app\build\intermediates\transforms\desugar\debug\13.jar --input D:\System\Workspace\Android\Regular\TaskDoc\app\build\intermediates\transforms\stackFramesFixer\debug\19.jar --output D:\System\Workspace\Android\Regular\TaskDoc\app\build\intermediates\transforms\desugar\debug\18.jar --input D:\System\Workspace\Android\Regular\TaskDoc\app\build\intermediates\transforms\stackFramesFixer\debug\7.jar --output D:\System\Workspace\Android\Regular\TaskDoc\app\build\intermediates\transforms\desugar\debug\6.jar --input D:\System\Workspace\Android\Regular\TaskDoc\app\build\intermediates\transforms\stackFramesFixer\debug\44.jar --output D:\System\Workspace\Android\Regular\TaskDoc\app\build\intermediates\transforms\desugar\debug\43.jar --input D:\System\Workspace\Android\Regular\TaskDoc\app\build\intermediates\transforms\stackFramesFixer\debug\25.jar --output D:\System\Workspace\Android\Regular\TaskDoc\app\build\intermediates\transforms\desugar\debug\24.jar --input D:\System\Workspace\Android\Regular\TaskDoc\app\build\intermediates\transforms\stackFramesFixer\debug\50.jar --output D:\System\Workspace\Android\Regular\TaskDoc\app\build\intermediates\transforms\desugar\debug\49.jar --input D:\System\Workspace\Android\Regular\TaskDoc\app\build\intermediates\transforms\stackFramesFixer\debug\27.jar --output D:\System\Workspace\Android\Regular\TaskDoc\app\build\intermediates\transforms\desugar\debug\26.jar --input D:\System\Workspace\Android\Regular\TaskDoc\app\build\intermediates\transforms\stackFramesFixer\debug\11.jar --output D:\System\Workspace\Android\Regular\TaskDoc\app\build\intermediates\transforms\desugar\debug\10.jar --input D:\System\Workspace\Android\Regular\TaskDoc\app\build\intermediates\transforms\stackFramesFixer\debug\16.jar --output D:
java_class_path (initial): C:\Users\dltlg\AppData\Local\Temp\desugar_deploy.jar2447129892005785150
Launcher Type: SUN_STANDARD

Environment Variables:
JAVA_HOME=C:\Program Files\Java\jdk1.8.0_171
PATH=C:\Program Files\Java\jdk1.8.0_171\bin;C:\Windows\system32;C:\Windows;C:\Windows\System32\Wbem;C:\Windows\System32\WindowsPowerShell\v1.0\;C:\Windows\System32\OpenSSH\;D:\Program Files\PuTTY\;C:\Program Files (x86)\MySQL\MySQL Utilities 1.6\;D:\Program Files\Git\cmd;C:\Users\dltlg\AppData\Local\Microsoft\WindowsApps;C:\Program Files\Bandizip\;D:\Program Files\Fiddler
USERNAME=dltlg
OS=Windows_NT
PROCESSOR_IDENTIFIER=Intel64 Family 6 Model 94 Stepping 3, GenuineIntel



---------------  S Y S T E M  ---------------

OS: Windows 10.0 , 64 bit Build 17134 (10.0.17134.1)

CPU:total 4 (initial active 4) (4 cores per cpu, 1 threads per core) family 6 model 94 stepping 3, cmov, cx8, fxsr, mmx, sse, sse2, sse3, ssse3, sse4.1, sse4.2, popcnt, avx, avx2, aes, clmul, erms, rtm, 3dnowpref, lzcnt, tsc, tscinvbit, bmi1, bmi2, adx

Memory: 4k page, physical 8258828k(542632k free), swap 23815560k(628k free)

vm_info: OpenJDK 64-Bit Server VM (25.152-b02) for windows-amd64 JRE (1.8.0_152-release-1024-b02), built by "builder" with MS VC++ 10.0 (VS2010)

time: Sat Aug 18 02:54:03 2018
elapsed time: 0 seconds (0d 0h 0m 0s)

