#
# There is insufficient memory for the Java Runtime Environment to continue.
# Native memory allocation (malloc) failed to allocate 1048576 bytes for AllocateHeap
# Possible reasons:
#   The system is out of physical RAM or swap space
#   In 32 bit mode, the process size limit was hit
# Possible solutions:
#   Reduce memory load on the system
#   Increase physical memory or swap space
#   Check if swap backing store is full
#   Use 64 bit Java on a 64 bit OS
#   Decrease Java heap size (-Xmx/-Xms)
#   Decrease number of Java threads
#   Decrease Java thread stack sizes (-Xss)
#   Set larger code cache with -XX:ReservedCodeCacheSize=
# This output file may be truncated or incomplete.
#
#  Out of Memory Error (memory/allocation.inline.hpp:61), pid=6844, tid=0x0000000000000510
#
# JRE version:  (8.0_152-b02) (build )
# Java VM: OpenJDK 64-Bit Server VM (25.152-b02 mixed mode windows-amd64 compressed oops)
# Failed to write core dump. Minidumps are not enabled by default on client versions of Windows
#

---------------  T H R E A D  ---------------

Current thread (0x0000000002a07000):  JavaThread "Unknown thread" [_thread_in_vm, id=1296, stack(0x0000000002900000,0x0000000002a00000)]

Stack: [0x0000000002900000,0x0000000002a00000]
[error occurred during error reporting (printing stack bounds), id 0xc0000005]

Native frames: (J=compiled Java code, j=interpreted, Vv=VM code, C=native code)


---------------  P R O C E S S  ---------------

Java Threads: ( => current thread )

Other Threads:

=>0x0000000002a07000 (exited) JavaThread "Unknown thread" [_thread_in_vm, id=1296, stack(0x0000000002900000,0x0000000002a00000)]

VM state:not at safepoint (normal execution)

VM Mutex/Monitor currently owned by a thread: None

Heap:
 PSYoungGen      total 18944K, used 327K [0x00000000feb00000, 0x0000000100000000, 0x0000000100000000)
  eden space 16384K, 2% used [0x00000000feb00000,0x00000000feb51ec8,0x00000000ffb00000)
  from space 2560K, 0% used [0x00000000ffd80000,0x00000000ffd80000,0x0000000100000000)
  to   space 2560K, 0% used [0x00000000ffb00000,0x00000000ffb00000,0x00000000ffd80000)
 ParOldGen       total 44032K, used 0K [0x00000000fc000000, 0x00000000feb00000, 0x00000000feb00000)
  object space 44032K, 0% used [0x00000000fc000000,0x00000000fc000000,0x00000000feb00000)
 Metaspace       used 772K, capacity 4480K, committed 4480K, reserved 1056768K
  class space    used 73K, capacity 384K, committed 384K, reserved 1048576K

Card table byte_map: [0x00000000028c0000,0x00000000028f0000] byte_map_base: 0x00000000020e0000

Marking Bits: (ParMarkBitMap*) 0x000000006f514970
 Begin Bits: [0x00000000122e0000, 0x00000000123e0000)
 End Bits:   [0x00000000123e0000, 0x00000000124e0000)

Polling page: 0x0000000002890000

CodeCache: size=245760Kb used=328Kb max_used=328Kb free=245431Kb
 bounds [0x0000000002b00000, 0x0000000002d70000, 0x0000000011b00000]
 total_blobs=57 nmethods=0 adapters=38
 compilation: enabled

Compilation events (0 events):
No events

GC Heap History (0 events):
No events

Deoptimization events (0 events):
No events

Classes redefined (0 events):
No events

Internal exceptions (0 events):
No events

Events (10 events):
Event: 0.021 loading class java/lang/Short
Event: 0.021 loading class java/lang/Short done
Event: 0.021 loading class java/lang/Integer
Event: 0.021 loading class java/lang/Integer done
Event: 0.021 loading class java/lang/Long
Event: 0.021 loading class java/lang/Long done
Event: 0.022 loading class java/lang/NullPointerException
Event: 0.022 loading class java/lang/NullPointerException done
Event: 0.022 loading class java/lang/ArithmeticException
Event: 0.022 loading class java/lang/ArithmeticException done


Dynamic libraries:
0x00007ff6c3540000 - 0x00007ff6c3571000 	D:\Program Files\Android\Android Studio\jre\bin\java.exe
0x00007ff8194e0000 - 0x00007ff8196c1000 	C:\Windows\SYSTEM32\ntdll.dll
0x00007ff816c60000 - 0x00007ff816d12000 	C:\Windows\System32\KERNEL32.DLL
0x00007ff815ca0000 - 0x00007ff815f13000 	C:\Windows\System32\KERNELBASE.dll
0x00007ff817f60000 - 0x00007ff818001000 	C:\Windows\System32\ADVAPI32.dll
0x00007ff817a40000 - 0x00007ff817ade000 	C:\Windows\System32\msvcrt.dll
0x00007ff8179e0000 - 0x00007ff817a3b000 	C:\Windows\System32\sechost.dll
0x00007ff816b30000 - 0x00007ff816c54000 	C:\Windows\System32\RPCRT4.dll
0x00007ff817050000 - 0x00007ff8171e0000 	C:\Windows\System32\USER32.dll
0x00007ff815f20000 - 0x00007ff815f40000 	C:\Windows\System32\win32u.dll
0x00007ff817240000 - 0x00007ff817268000 	C:\Windows\System32\GDI32.dll
0x00007ff815f40000 - 0x00007ff8160d2000 	C:\Windows\System32\gdi32full.dll
0x00007ff815900000 - 0x00007ff81599f000 	C:\Windows\System32\msvcp_win.dll
0x00007ff8160e0000 - 0x00007ff8161da000 	C:\Windows\System32\ucrtbase.dll
0x00007ff803960000 - 0x00007ff803bc9000 	C:\Windows\WinSxS\amd64_microsoft.windows.common-controls_6595b64144ccf1df_6.0.17134.228_none_fb4599993062b194\COMCTL32.dll
0x00007ff816d20000 - 0x00007ff817043000 	C:\Windows\System32\combase.dll
0x00007ff8168f0000 - 0x00007ff81696a000 	C:\Windows\System32\bcryptPrimitives.dll
0x00007ff816b00000 - 0x00007ff816b2d000 	C:\Windows\System32\IMM32.DLL
0x000000006f930000 - 0x000000006fa02000 	D:\Program Files\Android\Android Studio\jre\jre\bin\msvcr100.dll
0x000000006ed50000 - 0x000000006f58f000 	D:\Program Files\Android\Android Studio\jre\jre\bin\server\jvm.dll
0x00007ff816af0000 - 0x00007ff816af8000 	C:\Windows\System32\PSAPI.DLL
0x00007ff8143f0000 - 0x00007ff8143f9000 	C:\Windows\SYSTEM32\WSOCK32.dll
0x00007ff817970000 - 0x00007ff8179dc000 	C:\Windows\System32\WS2_32.dll
0x00007ff80e3f0000 - 0x00007ff80e413000 	C:\Windows\SYSTEM32\WINMM.dll
0x00007ff80e760000 - 0x00007ff80e76a000 	C:\Windows\SYSTEM32\VERSION.dll
0x00007ff80e2f0000 - 0x00007ff80e31a000 	C:\Windows\SYSTEM32\WINMMBASE.dll
0x00007ff8158b0000 - 0x00007ff8158f9000 	C:\Windows\System32\cfgmgr32.dll
0x00007ff8117c0000 - 0x00007ff8117cf000 	D:\Program Files\Android\Android Studio\jre\jre\bin\verify.dll
0x00007ff8052d0000 - 0x00007ff8052f9000 	D:\Program Files\Android\Android Studio\jre\jre\bin\java.dll
0x00007ff80b380000 - 0x00007ff80b396000 	D:\Program Files\Android\Android Studio\jre\jre\bin\zip.dll

VM Arguments:
jvm_args: -Djava.awt.headless=true -Xmx64M -Dfile.encoding=x-windows-949 -Duser.country=KR -Duser.language=ko -Duser.variant 
java_command: com.google.devtools.build.android.desugar.Desugar --input D:\System\Workspace\Android\Regular\TaskDoc\app\build\intermediates\transforms\stackFramesFixer\debug\14.jar --output D:\System\Workspace\Android\Regular\TaskDoc\app\build\intermediates\transforms\desugar\debug\15.jar --input D:\System\Workspace\Android\Regular\TaskDoc\app\build\intermediates\transforms\stackFramesFixer\debug\44.jar --output D:\System\Workspace\Android\Regular\TaskDoc\app\build\intermediates\transforms\desugar\debug\45.jar --input D:\System\Workspace\Android\Regular\TaskDoc\app\build\intermediates\transforms\stackFramesFixer\debug\25.jar --output D:\System\Workspace\Android\Regular\TaskDoc\app\build\intermediates\transforms\desugar\debug\26.jar --input D:\System\Workspace\Android\Regular\TaskDoc\app\build\intermediates\transforms\stackFramesFixer\debug\12.jar --output D:\System\Workspace\Android\Regular\TaskDoc\app\build\intermediates\transforms\desugar\debug\13.jar --input D:\System\Workspace\Android\Regular\TaskDoc\app\build\intermediates\transforms\stackFramesFixer\debug\52.jar --output D:\System\Workspace\Android\Regular\TaskDoc\app\build\intermediates\transforms\desugar\debug\53.jar --input D:\System\Workspace\Android\Regular\TaskDoc\app\build\intermediates\classes\debug --output D:\System\Workspace\Android\Regular\TaskDoc\app\build\intermediates\transforms\desugar\debug\0 --input D:\System\Workspace\Android\Regular\TaskDoc\app\build\intermediates\transforms\stackFramesFixer\debug\29.jar --output D:\System\Workspace\Android\Regular\TaskDoc\app\build\intermediates\transforms\desugar\debug\30.jar --input D:\System\Workspace\Android\Regular\TaskDoc\app\build\intermediates\transforms\stackFramesFixer\debug\0.jar --output D:\System\Workspace\Android\Regular\TaskDoc\app\build\intermediates\transforms\desugar\debug\1.jar --input D:\System\Workspace\Android\Regular\TaskDoc\app\build\intermediates\transforms\stackFramesFixer\debug\18.jar --output D:\System\Workspace\Android\Regula
java_class_path (initial): C:\Users\dltlg\AppData\Local\Temp\desugar_deploy.jar2596935129011434646
Launcher Type: SUN_STANDARD

Environment Variables:
JAVA_HOME=C:\Program Files\Java\jdk1.8.0_171
PATH=C:\Program Files\Java\jdk1.8.0_171\bin;C:\Windows\system32;C:\Windows;C:\Windows\System32\Wbem;C:\Windows\System32\WindowsPowerShell\v1.0\;C:\Windows\System32\OpenSSH\;D:\Program Files\PuTTY\;C:\Program Files (x86)\MySQL\MySQL Utilities 1.6\;D:\Program Files\Git\cmd;C:\Program Files (x86)\NVIDIA Corporation\PhysX\Common;C:\Users\dltlg\AppData\Local\Microsoft\WindowsApps;C:\Program Files\Bandizip\;D:\Program Files\Fiddler
USERNAME=dltlg
OS=Windows_NT
PROCESSOR_IDENTIFIER=Intel64 Family 6 Model 94 Stepping 3, GenuineIntel



---------------  S Y S T E M  ---------------

OS: Windows 10.0 , 64 bit Build 17134 (10.0.17134.1)

CPU:total 4 (initial active 4) (4 cores per cpu, 1 threads per core) family 6 model 94 stepping 3, cmov, cx8, fxsr, mmx, sse, sse2, sse3, ssse3, sse4.1, sse4.2, popcnt, avx, avx2, aes, clmul, erms, rtm, 3dnowpref, lzcnt, tsc, tscinvbit, bmi1, bmi2, adx

Memory: 4k page, physical 8258828k(838396k free), swap 12354828k(4224k free)

vm_info: OpenJDK 64-Bit Server VM (25.152-b02) for windows-amd64 JRE (1.8.0_152-release-1024-b02), built by "builder" with MS VC++ 10.0 (VS2010)

time: Wed Sep 05 12:55:47 2018
elapsed time: 0 seconds (0d 0h 0m 0s)

