#
# There is insufficient memory for the Java Runtime Environment to continue.
# Native memory allocation (malloc) failed to allocate 1048576 bytes for AllocateHeap
# Possible reasons:
#   The system is out of physical RAM or swap space
#   In 32 bit mode, the process size limit was hit
# Possible solutions:
#   Reduce memory load on the system
#   Increase physical memory or swap space
#   Check if swap backing store is full
#   Use 64 bit Java on a 64 bit OS
#   Decrease Java heap size (-Xmx/-Xms)
#   Decrease number of Java threads
#   Decrease Java thread stack sizes (-Xss)
#   Set larger code cache with -XX:ReservedCodeCacheSize=
# This output file may be truncated or incomplete.
#
#  Out of Memory Error (memory/allocation.inline.hpp:61), pid=6512, tid=0x00000000000027e0
#
# JRE version:  (8.0_152-b02) (build )
# Java VM: OpenJDK 64-Bit Server VM (25.152-b02 mixed mode windows-amd64 compressed oops)
# Failed to write core dump. Minidumps are not enabled by default on client versions of Windows
#

---------------  T H R E A D  ---------------

Current thread (0x0000000003465000):  JavaThread "Unknown thread" [_thread_in_vm, id=10208, stack(0x0000000003360000,0x0000000003460000)]

Stack: [0x0000000003360000,0x0000000003460000]
[error occurred during error reporting (printing stack bounds), id 0xc0000005]

Native frames: (J=compiled Java code, j=interpreted, Vv=VM code, C=native code)


---------------  P R O C E S S  ---------------

Java Threads: ( => current thread )

Other Threads:

=>0x0000000003465000 (exited) JavaThread "Unknown thread" [_thread_in_vm, id=10208, stack(0x0000000003360000,0x0000000003460000)]

VM state:not at safepoint (normal execution)

VM Mutex/Monitor currently owned by a thread: None

Heap:
 PSYoungGen      total 18944K, used 327K [0x00000000feb00000, 0x0000000100000000, 0x0000000100000000)
  eden space 16384K, 2% used [0x00000000feb00000,0x00000000feb51ec8,0x00000000ffb00000)
  from space 2560K, 0% used [0x00000000ffd80000,0x00000000ffd80000,0x0000000100000000)
  to   space 2560K, 0% used [0x00000000ffb00000,0x00000000ffb00000,0x00000000ffd80000)
 ParOldGen       total 44032K, used 0K [0x00000000fc000000, 0x00000000feb00000, 0x00000000feb00000)
  object space 44032K, 0% used [0x00000000fc000000,0x00000000fc000000,0x00000000feb00000)
 Metaspace       used 772K, capacity 4480K, committed 4480K, reserved 1056768K
  class space    used 73K, capacity 384K, committed 384K, reserved 1048576K

Card table byte_map: [0x0000000002cd0000,0x0000000002d00000] byte_map_base: 0x00000000024f0000

Marking Bits: (ParMarkBitMap*) 0x000000005e494970
 Begin Bits: [0x0000000012d20000, 0x0000000012e20000)
 End Bits:   [0x0000000012e20000, 0x0000000012f20000)

Polling page: 0x0000000000df0000

CodeCache: size=245760Kb used=328Kb max_used=328Kb free=245431Kb
 bounds [0x0000000003560000, 0x00000000037d0000, 0x0000000012560000]
 total_blobs=57 nmethods=0 adapters=38
 compilation: enabled

Compilation events (0 events):
No events

GC Heap History (0 events):
No events

Deoptimization events (0 events):
No events

Classes redefined (0 events):
No events

Internal exceptions (0 events):
No events

Events (10 events):
Event: 0.023 loading class java/lang/Short
Event: 0.023 loading class java/lang/Short done
Event: 0.023 loading class java/lang/Integer
Event: 0.023 loading class java/lang/Integer done
Event: 0.023 loading class java/lang/Long
Event: 0.023 loading class java/lang/Long done
Event: 0.023 loading class java/lang/NullPointerException
Event: 0.023 loading class java/lang/NullPointerException done
Event: 0.023 loading class java/lang/ArithmeticException
Event: 0.023 loading class java/lang/ArithmeticException done


Dynamic libraries:
0x00007ff7d9af0000 - 0x00007ff7d9b21000 	D:\Program Files\Android\Android Studio\jre\bin\java.exe
0x00007ffc569d0000 - 0x00007ffc56bb1000 	C:\Windows\SYSTEM32\ntdll.dll
0x00007ffc54a70000 - 0x00007ffc54b22000 	C:\Windows\System32\KERNEL32.DLL
0x00007ffc535b0000 - 0x00007ffc53823000 	C:\Windows\System32\KERNELBASE.dll
0x00007ffc53e60000 - 0x00007ffc53f01000 	C:\Windows\System32\ADVAPI32.dll
0x00007ffc54530000 - 0x00007ffc545ce000 	C:\Windows\System32\msvcrt.dll
0x00007ffc56220000 - 0x00007ffc5627b000 	C:\Windows\System32\sechost.dll
0x00007ffc54c50000 - 0x00007ffc54d74000 	C:\Windows\System32\RPCRT4.dll
0x00007ffc56350000 - 0x00007ffc564e0000 	C:\Windows\System32\USER32.dll
0x00007ffc52da0000 - 0x00007ffc52dc0000 	C:\Windows\System32\win32u.dll
0x00007ffc56510000 - 0x00007ffc56538000 	C:\Windows\System32\GDI32.dll
0x00007ffc539d0000 - 0x00007ffc53b62000 	C:\Windows\System32\gdi32full.dll
0x00007ffc53830000 - 0x00007ffc538cf000 	C:\Windows\System32\msvcp_win.dll
0x00007ffc538d0000 - 0x00007ffc539ca000 	C:\Windows\System32\ucrtbase.dll
0x00007ffc47060000 - 0x00007ffc472c9000 	C:\Windows\WinSxS\amd64_microsoft.windows.common-controls_6595b64144ccf1df_6.0.17134.285_none_fb4297e330656775\COMCTL32.dll
0x00007ffc53fc0000 - 0x00007ffc542e3000 	C:\Windows\System32\combase.dll
0x00007ffc52e20000 - 0x00007ffc52e9a000 	C:\Windows\System32\bcryptPrimitives.dll
0x00007ffc564e0000 - 0x00007ffc5650d000 	C:\Windows\System32\IMM32.DLL
0x000000005dbf0000 - 0x000000005dcc2000 	D:\Program Files\Android\Android Studio\jre\jre\bin\msvcr100.dll
0x000000005dcd0000 - 0x000000005e50f000 	D:\Program Files\Android\Android Studio\jre\jre\bin\server\jvm.dll
0x00007ffc56990000 - 0x00007ffc56998000 	C:\Windows\System32\PSAPI.DLL
0x00007ffc518b0000 - 0x00007ffc518b9000 	C:\Windows\SYSTEM32\WSOCK32.dll
0x00007ffc443d0000 - 0x00007ffc443f3000 	C:\Windows\SYSTEM32\WINMM.dll
0x00007ffc562e0000 - 0x00007ffc5634c000 	C:\Windows\System32\WS2_32.dll
0x00007ffc442f0000 - 0x00007ffc4431a000 	C:\Windows\SYSTEM32\WINMMBASE.dll
0x00007ffc4d1d0000 - 0x00007ffc4d1da000 	C:\Windows\SYSTEM32\VERSION.dll
0x00007ffc53e10000 - 0x00007ffc53e59000 	C:\Windows\System32\cfgmgr32.dll
0x00007ffc4d8d0000 - 0x00007ffc4d8df000 	D:\Program Files\Android\Android Studio\jre\jre\bin\verify.dll
0x00007ffc43cb0000 - 0x00007ffc43cd9000 	D:\Program Files\Android\Android Studio\jre\jre\bin\java.dll
0x00007ffc427a0000 - 0x00007ffc427b6000 	D:\Program Files\Android\Android Studio\jre\jre\bin\zip.dll

VM Arguments:
jvm_args: -Djava.awt.headless=true -Xmx64M -Dfile.encoding=x-windows-949 -Duser.country=KR -Duser.language=ko -Duser.variant 
java_command: com.google.devtools.build.android.desugar.Desugar --input D:\System\Workspace\Android\Regular\TaskDoc\app\build\intermediates\tmp\desugar_changed5683739638012479468 --output D:\System\Workspace\Android\Regular\TaskDoc\app\build\intermediates\transforms\desugar\debug\0 --classpath_entry D:\System\Workspace\Android\Regular\TaskDoc\app\build\intermediates\classes\debug --classpath_entry D:\System\Workspace\Android\Regular\TaskDoc\app\build\intermediates\transforms\stackFramesFixer\debug\9.jar --classpath_entry D:\System\Workspace\Android\Regular\TaskDoc\app\build\intermediates\transforms\stackFramesFixer\debug\15.jar --classpath_entry D:\System\Workspace\Android\Regular\TaskDoc\app\build\intermediates\transforms\stackFramesFixer\debug\40.jar --classpath_entry D:\System\Workspace\Android\Regular\TaskDoc\app\build\intermediates\transforms\stackFramesFixer\debug\23.jar --classpath_entry D:\System\Workspace\Android\Regular\TaskDoc\app\build\intermediates\transforms\stackFramesFixer\debug\41.jar --classpath_entry D:\System\Workspace\Android\Regular\TaskDoc\app\build\intermediates\transforms\stackFramesFixer\debug\32.jar --classpath_entry D:\System\Workspace\Android\Regular\TaskDoc\app\build\intermediates\transforms\stackFramesFixer\debug\49.jar --classpath_entry D:\System\Workspace\Android\Regular\TaskDoc\app\build\intermediates\transforms\stackFramesFixer\debug\0.jar --classpath_entry D:\System\Workspace\Android\Regular\TaskDoc\app\build\intermediates\transforms\stackFramesFixer\debug\14.jar --classpath_entry D:\System\Workspace\Android\Regular\TaskDoc\app\build\intermediates\transforms\stackFramesFixer\debug\8.jar --classpath_entry D:\System\Workspace\Android\Regular\TaskDoc\app\build\intermediates\transforms\stackFramesFixer\debug\7.jar --classpath_entry D:\System\Workspace\Android\Regular\TaskDoc\app\build\intermediates\transforms\stackFramesFixer\debug\48.jar --classpath_entry D:\System\Workspace\Android\Regular\TaskDoc\app\build\intermediates\transform
java_class_path (initial): C:\Users\dltlg\AppData\Local\Temp\desugar_deploy.jar3466588839829078249
Launcher Type: SUN_STANDARD

Environment Variables:
JAVA_HOME=C:\Program Files\Java\jdk1.8.0_171
PATH=C:\Program Files\Java\jdk1.8.0_171\bin;C:\Windows\system32;C:\Windows;C:\Windows\System32\Wbem;C:\Windows\System32\WindowsPowerShell\v1.0\;C:\Windows\System32\OpenSSH\;D:\Program Files\PuTTY\;C:\Program Files (x86)\MySQL\MySQL Utilities 1.6\;D:\Program Files\Git\cmd;C:\Program Files (x86)\NVIDIA Corporation\PhysX\Common;C:\Users\dltlg\AppData\Local\Microsoft\WindowsApps;C:\Program Files\Bandizip\;D:\Program Files\Fiddler
USERNAME=dltlg
OS=Windows_NT
PROCESSOR_IDENTIFIER=Intel64 Family 6 Model 94 Stepping 3, GenuineIntel



---------------  S Y S T E M  ---------------

OS: Windows 10.0 , 64 bit Build 17134 (10.0.17134.1)

CPU:total 4 (initial active 4) (4 cores per cpu, 1 threads per core) family 6 model 94 stepping 3, cmov, cx8, fxsr, mmx, sse, sse2, sse3, ssse3, sse4.1, sse4.2, popcnt, avx, avx2, aes, clmul, erms, rtm, 3dnowpref, lzcnt, tsc, tscinvbit, bmi1, bmi2, adx

Memory: 4k page, physical 8258828k(743596k free), swap 13378828k(6080k free)

vm_info: OpenJDK 64-Bit Server VM (25.152-b02) for windows-amd64 JRE (1.8.0_152-release-1024-b02), built by "builder" with MS VC++ 10.0 (VS2010)

time: Fri Sep 14 16:55:41 2018
elapsed time: 0 seconds (0d 0h 0m 0s)

