#
# There is insufficient memory for the Java Runtime Environment to continue.
# Native memory allocation (malloc) failed to allocate 771296 bytes for Chunk::new
# Possible reasons:
#   The system is out of physical RAM or swap space
#   In 32 bit mode, the process size limit was hit
# Possible solutions:
#   Reduce memory load on the system
#   Increase physical memory or swap space
#   Check if swap backing store is full
#   Use 64 bit Java on a 64 bit OS
#   Decrease Java heap size (-Xmx/-Xms)
#   Decrease number of Java threads
#   Decrease Java thread stack sizes (-Xss)
#   Set larger code cache with -XX:ReservedCodeCacheSize=
# This output file may be truncated or incomplete.
#
#  Out of Memory Error (allocation.cpp:390), pid=10392, tid=0x000000000000163c
#
# JRE version: OpenJDK Runtime Environment (8.0_152-b02) (build 1.8.0_152-release-1024-b02)
# Java VM: OpenJDK 64-Bit Server VM (25.152-b02 mixed mode windows-amd64 compressed oops)
# Failed to write core dump. Minidumps are not enabled by default on client versions of Windows
#

---------------  T H R E A D  ---------------

Current thread (0x0000000012e0b800):  JavaThread "C2 CompilerThread0" daemon [_thread_in_native, id=5692, stack(0x0000000014820000,0x0000000014920000)]

Stack: [0x0000000014820000,0x0000000014920000]
[error occurred during error reporting (printing stack bounds), id 0xc0000005]

Native frames: (J=compiled Java code, j=interpreted, Vv=VM code, C=native code)


Current CompileTask:
C2:   2425  922       4       org.objectweb.asm.ClassReader::readCode (3575 bytes)


---------------  P R O C E S S  ---------------

Java Threads: ( => current thread )
  0x000000001425b800 JavaThread "Service Thread" daemon [_thread_blocked, id=9052, stack(0x0000000014b20000,0x0000000014c20000)]
  0x0000000014232000 JavaThread "C1 CompilerThread2" daemon [_thread_in_native, id=11012, stack(0x0000000014a20000,0x0000000014b20000)]
  0x000000001422a000 JavaThread "C2 CompilerThread1" daemon [_thread_blocked, id=4292, stack(0x0000000014920000,0x0000000014a20000)]
=>0x0000000012e0b800 JavaThread "C2 CompilerThread0" daemon [_thread_in_native, id=5692, stack(0x0000000014820000,0x0000000014920000)]
  0x0000000012e0b000 JavaThread "Attach Listener" daemon [_thread_blocked, id=6352, stack(0x0000000014720000,0x0000000014820000)]
  0x0000000014228800 JavaThread "Signal Dispatcher" daemon [_thread_blocked, id=7032, stack(0x0000000014620000,0x0000000014720000)]
  0x0000000012dfe000 JavaThread "Finalizer" daemon [_thread_blocked, id=7256, stack(0x0000000014090000,0x0000000014190000)]
  0x0000000002a87000 JavaThread "Reference Handler" daemon [_thread_blocked, id=5716, stack(0x0000000013f90000,0x0000000014090000)]
  0x0000000002997000 JavaThread "main" [_thread_in_vm, id=8452, stack(0x0000000002780000,0x0000000002880000)]

Other Threads:
  0x0000000012dd6800 VMThread [stack: 0x0000000013e90000,0x0000000013f90000] [id=13608]
  0x000000001425c000 WatcherThread [stack: 0x0000000014c20000,0x0000000014d20000] [id=4756]

VM state:not at safepoint (normal execution)

VM Mutex/Monitor currently owned by a thread: None

Heap:
 PSYoungGen      total 18944K, used 5636K [0x00000000feb00000, 0x0000000100000000, 0x0000000100000000)
  eden space 16384K, 18% used [0x00000000feb00000,0x00000000fee04bf8,0x00000000ffb00000)
  from space 2560K, 99% used [0x00000000ffd80000,0x00000000ffffc5a8,0x0000000100000000)
  to   space 2560K, 0% used [0x00000000ffb00000,0x00000000ffb00000,0x00000000ffd80000)
 ParOldGen       total 44032K, used 5756K [0x00000000fc000000, 0x00000000feb00000, 0x00000000feb00000)
  object space 44032K, 13% used [0x00000000fc000000,0x00000000fc59f2a8,0x00000000feb00000)
 Metaspace       used 7969K, capacity 8152K, committed 8192K, reserved 1056768K
  class space    used 907K, capacity 1002K, committed 1024K, reserved 1048576K

Card table byte_map: [0x00000000023c0000,0x00000000023f0000] byte_map_base: 0x0000000001be0000

Marking Bits: (ParMarkBitMap*) 0x0000000058674970
 Begin Bits: [0x0000000012250000, 0x0000000012350000)
 End Bits:   [0x0000000012350000, 0x0000000012450000)

Polling page: 0x0000000000700000

CodeCache: size=245760Kb used=3703Kb max_used=3703Kb free=242056Kb
 bounds [0x0000000002a90000, 0x0000000002e40000, 0x0000000011a90000]
 total_blobs=1306 nmethods=971 adapters=249
 compilation: enabled

Compilation events (10 events):
Event: 2.405 Thread 0x0000000014232000 nmethod 953 0x0000000002e12390 code [0x0000000002e12500, 0x0000000002e12768]
Event: 2.405 Thread 0x0000000014232000  954       3       org.objectweb.asm.ClassWriter::newConstItem (321 bytes)
Event: 2.406 Thread 0x0000000014232000 nmethod 954 0x0000000002e14a90 code [0x0000000002e14f80, 0x0000000002e18788]
Event: 2.406 Thread 0x0000000014232000  955       3       com.google.common.base.Preconditions::checkArgument (34 bytes)
Event: 2.406 Thread 0x0000000014232000 nmethod 955 0x0000000002e11950 code [0x0000000002e11b00, 0x0000000002e12158]
Event: 2.408 Thread 0x0000000014232000  956       3       com.google.devtools.build.android.desugar.InterfaceDesugaring::visitMethod (371 bytes)
Event: 2.410 Thread 0x0000000014232000 nmethod 956 0x0000000002e19ad0 code [0x0000000002e19f80, 0x0000000002e1ce18]
Event: 2.410 Thread 0x0000000014232000  957       3       com.google.devtools.build.android.desugar.DefaultMethodClassFixer::visitMethod (75 bytes)
Event: 2.411 Thread 0x0000000014232000 nmethod 957 0x0000000002e10790 code [0x0000000002e109a0, 0x0000000002e11418]
Event: 2.411 Thread 0x0000000014232000  958       3       com.google.devtools.build.android.desugar.Java7Compatibility::visitMethod (142 bytes)

GC Heap History (4 events):
Event: 1.689 GC heap before
{Heap before GC invocations=1 (full 0):
 PSYoungGen      total 18944K, used 16384K [0x00000000feb00000, 0x0000000100000000, 0x0000000100000000)
  eden space 16384K, 100% used [0x00000000feb00000,0x00000000ffb00000,0x00000000ffb00000)
  from space 2560K, 0% used [0x00000000ffd80000,0x00000000ffd80000,0x0000000100000000)
  to   space 2560K, 0% used [0x00000000ffb00000,0x00000000ffb00000,0x00000000ffd80000)
 ParOldGen       total 44032K, used 0K [0x00000000fc000000, 0x00000000feb00000, 0x00000000feb00000)
  object space 44032K, 0% used [0x00000000fc000000,0x00000000fc000000,0x00000000feb00000)
 Metaspace       used 6827K, capacity 6986K, committed 7040K, reserved 1056768K
  class space    used 803K, capacity 871K, committed 896K, reserved 1048576K
Event: 1.764 GC heap after
Heap after GC invocations=1 (full 0):
 PSYoungGen      total 18944K, used 2529K [0x00000000feb00000, 0x0000000100000000, 0x0000000100000000)
  eden space 16384K, 0% used [0x00000000feb00000,0x00000000feb00000,0x00000000ffb00000)
  from space 2560K, 98% used [0x00000000ffb00000,0x00000000ffd78710,0x00000000ffd80000)
  to   space 2560K, 0% used [0x00000000ffd80000,0x00000000ffd80000,0x0000000100000000)
 ParOldGen       total 44032K, used 1309K [0x00000000fc000000, 0x00000000feb00000, 0x00000000feb00000)
  object space 44032K, 2% used [0x00000000fc000000,0x00000000fc147788,0x00000000feb00000)
 Metaspace       used 6827K, capacity 6986K, committed 7040K, reserved 1056768K
  class space    used 803K, capacity 871K, committed 896K, reserved 1048576K
}
Event: 2.266 GC heap before
{Heap before GC invocations=2 (full 0):
 PSYoungGen      total 18944K, used 18913K [0x00000000feb00000, 0x0000000100000000, 0x0000000100000000)
  eden space 16384K, 100% used [0x00000000feb00000,0x00000000ffb00000,0x00000000ffb00000)
  from space 2560K, 98% used [0x00000000ffb00000,0x00000000ffd78710,0x00000000ffd80000)
  to   space 2560K, 0% used [0x00000000ffd80000,0x00000000ffd80000,0x0000000100000000)
 ParOldGen       total 44032K, used 1309K [0x00000000fc000000, 0x00000000feb00000, 0x00000000feb00000)
  object space 44032K, 2% used [0x00000000fc000000,0x00000000fc147788,0x00000000feb00000)
 Metaspace       used 7859K, capacity 8088K, committed 8192K, reserved 1056768K
  class space    used 907K, capacity 1002K, committed 1024K, reserved 1048576K
Event: 2.274 GC heap after
Heap after GC invocations=2 (full 0):
 PSYoungGen      total 18944K, used 2545K [0x00000000feb00000, 0x0000000100000000, 0x0000000100000000)
  eden space 16384K, 0% used [0x00000000feb00000,0x00000000feb00000,0x00000000ffb00000)
  from space 2560K, 99% used [0x00000000ffd80000,0x00000000ffffc5a8,0x0000000100000000)
  to   space 2560K, 0% used [0x00000000ffb00000,0x00000000ffb00000,0x00000000ffd80000)
 ParOldGen       total 44032K, used 5756K [0x00000000fc000000, 0x00000000feb00000, 0x00000000feb00000)
  object space 44032K, 13% used [0x00000000fc000000,0x00000000fc59f2a8,0x00000000feb00000)
 Metaspace       used 7859K, capacity 8088K, committed 8192K, reserved 1056768K
  class space    used 907K, capacity 1002K, committed 1024K, reserved 1048576K
}

Deoptimization events (10 events):
Event: 1.996 Thread 0x0000000002997000 Uncommon trap: reason=class_check action=maybe_recompile pc=0x0000000002cd8a2c method=com.google.common.collect.TransformedIterator.hasNext()Z @ 4
Event: 1.996 Thread 0x0000000002997000 Uncommon trap: reason=class_check action=maybe_recompile pc=0x0000000002cd8a2c method=com.google.common.collect.TransformedIterator.hasNext()Z @ 4
Event: 1.996 Thread 0x0000000002997000 Uncommon trap: reason=class_check action=maybe_recompile pc=0x0000000002d392e8 method=com.google.common.collect.TransformedIterator.next()Ljava/lang/Object; @ 5
Event: 1.996 Thread 0x0000000002997000 Uncommon trap: reason=class_check action=maybe_recompile pc=0x0000000002cd2790 method=com.google.common.collect.Iterators$7.transform(Ljava/lang/Object;)Ljava/lang/Object; @ 5
Event: 1.996 Thread 0x0000000002997000 Uncommon trap: reason=class_check action=maybe_recompile pc=0x0000000002cd8a2c method=com.google.common.collect.TransformedIterator.hasNext()Z @ 4
Event: 1.996 Thread 0x0000000002997000 Uncommon trap: reason=class_check action=maybe_recompile pc=0x0000000002d392e8 method=com.google.common.collect.TransformedIterator.next()Ljava/lang/Object; @ 5
Event: 1.996 Thread 0x0000000002997000 Uncommon trap: reason=class_check action=maybe_recompile pc=0x0000000002cd2790 method=com.google.common.collect.Iterators$7.transform(Ljava/lang/Object;)Ljava/lang/Object; @ 5
Event: 1.996 Thread 0x0000000002997000 Uncommon trap: reason=class_check action=maybe_recompile pc=0x0000000002d392e8 method=com.google.common.collect.TransformedIterator.next()Ljava/lang/Object; @ 5
Event: 1.996 Thread 0x0000000002997000 Uncommon trap: reason=class_check action=maybe_recompile pc=0x0000000002cd2790 method=com.google.common.collect.Iterators$7.transform(Ljava/lang/Object;)Ljava/lang/Object; @ 5
Event: 2.377 Thread 0x0000000002997000 Uncommon trap: reason=unstable_if action=reinterpret pc=0x0000000002ddeee4 method=org.objectweb.asm.Item.isEqualTo(Lorg/objectweb/asm/Item;)Z @ 345

Classes redefined (0 events):
No events

Internal exceptions (10 events):
Event: 1.840 Thread 0x0000000002997000 Exception <a 'sun/nio/fs/WindowsException'> (0x00000000ff2e4450) thrown at [D:\src\AOSP-openjdk-cygwin\jdk8u\hotspot\src\share\vm\prims\jni.cpp, line 709]
Event: 1.880 Thread 0x0000000002997000 Exception <a 'sun/nio/fs/WindowsException'> (0x00000000ff2e93e8) thrown at [D:\src\AOSP-openjdk-cygwin\jdk8u\hotspot\src\share\vm\prims\jni.cpp, line 709]
Event: 1.946 Thread 0x0000000002997000 Exception <a 'sun/nio/fs/WindowsException'> (0x00000000ff7d5930) thrown at [D:\src\AOSP-openjdk-cygwin\jdk8u\hotspot\src\share\vm\prims\jni.cpp, line 709]
Event: 1.946 Thread 0x0000000002997000 Exception <a 'sun/nio/fs/WindowsException'> (0x00000000ff7d5ed0) thrown at [D:\src\AOSP-openjdk-cygwin\jdk8u\hotspot\src\share\vm\prims\jni.cpp, line 709]
Event: 2.204 Thread 0x0000000002997000 Exception <a 'sun/nio/fs/WindowsException'> (0x00000000ffa68b40) thrown at [D:\src\AOSP-openjdk-cygwin\jdk8u\hotspot\src\share\vm\prims\jni.cpp, line 709]
Event: 2.204 Thread 0x0000000002997000 Exception <a 'sun/nio/fs/WindowsException'> (0x00000000ffa69060) thrown at [D:\src\AOSP-openjdk-cygwin\jdk8u\hotspot\src\share\vm\prims\jni.cpp, line 709]
Event: 2.242 Thread 0x0000000002997000 Exception <a 'sun/nio/fs/WindowsException'> (0x00000000ffa8e3c0) thrown at [D:\src\AOSP-openjdk-cygwin\jdk8u\hotspot\src\share\vm\prims\jni.cpp, line 709]
Event: 2.242 Thread 0x0000000002997000 Exception <a 'sun/nio/fs/WindowsException'> (0x00000000ffa8e8e0) thrown at [D:\src\AOSP-openjdk-cygwin\jdk8u\hotspot\src\share\vm\prims\jni.cpp, line 709]
Event: 2.351 Thread 0x0000000002997000 Exception <a 'sun/nio/fs/WindowsException'> (0x00000000fec01878) thrown at [D:\src\AOSP-openjdk-cygwin\jdk8u\hotspot\src\share\vm\prims\jni.cpp, line 709]
Event: 2.351 Thread 0x0000000002997000 Exception <a 'sun/nio/fs/WindowsException'> (0x00000000fec01d98) thrown at [D:\src\AOSP-openjdk-cygwin\jdk8u\hotspot\src\share\vm\prims\jni.cpp, line 709]

Events (10 events):
Event: 2.151 loading class org/objectweb/asm/tree/VarInsnNode done
Event: 2.152 loading class org/objectweb/asm/tree/InsnList
Event: 2.152 loading class org/objectweb/asm/tree/InsnList done
Event: 2.154 loading class java/util/Vector$Itr
Event: 2.163 loading class java/util/Vector$Itr done
Event: 2.266 Executing VM operation: ParallelGCFailedAllocation
Event: 2.274 Executing VM operation: ParallelGCFailedAllocation done
Event: 2.377 Thread 0x0000000002997000 Uncommon trap: trap_request=0xffffff65 fr.pc=0x0000000002ddeee4
Event: 2.377 Thread 0x0000000002997000 DEOPT PACKING pc=0x0000000002ddeee4 sp=0x000000000287e3b0
Event: 2.377 Thread 0x0000000002997000 DEOPT UNPACKING pc=0x0000000002ad557b sp=0x000000000287e348 mode 2


Dynamic libraries:
0x00007ff7278c0000 - 0x00007ff7278f1000 	D:\Program Files\Android\Android Studio\jre\bin\java.exe
0x00007ffde4170000 - 0x00007ffde4351000 	C:\Windows\SYSTEM32\ntdll.dll
0x00007ffde17b0000 - 0x00007ffde1862000 	C:\Windows\System32\KERNEL32.DLL
0x00007ffde1330000 - 0x00007ffde15a3000 	C:\Windows\System32\KERNELBASE.dll
0x00007ffde3f30000 - 0x00007ffde3fd1000 	C:\Windows\System32\ADVAPI32.dll
0x00007ffde3fe0000 - 0x00007ffde407e000 	C:\Windows\System32\msvcrt.dll
0x00007ffde4080000 - 0x00007ffde40db000 	C:\Windows\System32\sechost.dll
0x00007ffde3aa0000 - 0x00007ffde3bc4000 	C:\Windows\System32\RPCRT4.dll
0x00007ffde3d70000 - 0x00007ffde3f00000 	C:\Windows\System32\USER32.dll
0x00007ffde0540000 - 0x00007ffde0560000 	C:\Windows\System32\win32u.dll
0x00007ffde3d30000 - 0x00007ffde3d58000 	C:\Windows\System32\GDI32.dll
0x00007ffde08d0000 - 0x00007ffde0a62000 	C:\Windows\System32\gdi32full.dll
0x00007ffde11e0000 - 0x00007ffde127f000 	C:\Windows\System32\msvcp_win.dll
0x00007ffde0560000 - 0x00007ffde065a000 	C:\Windows\System32\ucrtbase.dll
0x00007ffdd4b20000 - 0x00007ffdd4d89000 	C:\Windows\WinSxS\amd64_microsoft.windows.common-controls_6595b64144ccf1df_6.0.17134.228_none_fb4599993062b194\COMCTL32.dll
0x00007ffde1b10000 - 0x00007ffde1e33000 	C:\Windows\System32\combase.dll
0x00007ffde0850000 - 0x00007ffde08ca000 	C:\Windows\System32\bcryptPrimitives.dll
0x00007ffde3f00000 - 0x00007ffde3f2d000 	C:\Windows\System32\IMM32.DLL
0x0000000058ff0000 - 0x00000000590c2000 	D:\Program Files\Android\Android Studio\jre\jre\bin\msvcr100.dll
0x0000000057eb0000 - 0x00000000586ef000 	D:\Program Files\Android\Android Studio\jre\jre\bin\server\jvm.dll
0x00007ffde1b00000 - 0x00007ffde1b08000 	C:\Windows\System32\PSAPI.DLL
0x00007ffddf080000 - 0x00007ffddf089000 	C:\Windows\SYSTEM32\WSOCK32.dll
0x00007ffde2490000 - 0x00007ffde24fc000 	C:\Windows\System32\WS2_32.dll
0x00007ffdd3150000 - 0x00007ffdd3173000 	C:\Windows\SYSTEM32\WINMM.dll
0x00007ffdd4da0000 - 0x00007ffdd4daa000 	C:\Windows\SYSTEM32\VERSION.dll
0x00007ffdd3120000 - 0x00007ffdd314a000 	C:\Windows\SYSTEM32\WINMMBASE.dll
0x00007ffde15b0000 - 0x00007ffde15f9000 	C:\Windows\System32\cfgmgr32.dll
0x00007ffdda660000 - 0x00007ffdda66f000 	D:\Program Files\Android\Android Studio\jre\jre\bin\verify.dll
0x00007ffdcf3f0000 - 0x00007ffdcf419000 	D:\Program Files\Android\Android Studio\jre\jre\bin\java.dll
0x00007ffdcf3d0000 - 0x00007ffdcf3e6000 	D:\Program Files\Android\Android Studio\jre\jre\bin\zip.dll
0x00007ffde2650000 - 0x00007ffde3a90000 	C:\Windows\System32\SHELL32.dll
0x00007ffde2500000 - 0x00007ffde25a9000 	C:\Windows\System32\shcore.dll
0x00007ffde0ad0000 - 0x00007ffde11dd000 	C:\Windows\System32\windows.storage.dll
0x00007ffde16f0000 - 0x00007ffde1741000 	C:\Windows\System32\shlwapi.dll
0x00007ffde0520000 - 0x00007ffde0531000 	C:\Windows\System32\kernel.appcore.dll
0x00007ffde04f0000 - 0x00007ffde050f000 	C:\Windows\System32\profapi.dll
0x00007ffde04a0000 - 0x00007ffde04ec000 	C:\Windows\System32\powrprof.dll
0x00007ffde0510000 - 0x00007ffde051a000 	C:\Windows\System32\FLTLIB.DLL
0x00007ffddfeb0000 - 0x00007ffddfec7000 	C:\Windows\SYSTEM32\CRYPTSP.dll
0x00007ffddf8e0000 - 0x00007ffddf913000 	C:\Windows\system32\rsaenh.dll
0x00007ffddffe0000 - 0x00007ffde0005000 	C:\Windows\SYSTEM32\bcrypt.dll
0x00007ffde0380000 - 0x00007ffde03a8000 	C:\Windows\SYSTEM32\USERENV.dll
0x00007ffddfed0000 - 0x00007ffddfedb000 	C:\Windows\SYSTEM32\CRYPTBASE.dll
0x00007ffdcf340000 - 0x00007ffdcf35a000 	D:\Program Files\Android\Android Studio\jre\jre\bin\net.dll
0x00007ffddfd00000 - 0x00007ffddfd66000 	C:\Windows\system32\mswsock.dll
0x00007ffddfa80000 - 0x00007ffddfab8000 	C:\Windows\SYSTEM32\IPHLPAPI.DLL
0x00007ffde3a90000 - 0x00007ffde3a98000 	C:\Windows\System32\NSI.dll
0x00007ffdd88b0000 - 0x00007ffdd88c6000 	C:\Windows\SYSTEM32\dhcpcsvc6.DLL
0x00007ffdd8d80000 - 0x00007ffdd8d9a000 	C:\Windows\SYSTEM32\dhcpcsvc.DLL
0x00007ffdcf2a0000 - 0x00007ffdcf2b1000 	D:\Program Files\Android\Android Studio\jre\jre\bin\nio.dll

VM Arguments:
jvm_args: -Djava.awt.headless=true -Xmx64M -Dfile.encoding=x-windows-949 -Duser.country=KR -Duser.language=ko -Duser.variant 
java_command: com.google.devtools.build.android.desugar.Desugar --input D:\System\Workspace\Android\Regular\TaskDoc\app\build\intermediates\transforms\stackFramesFixer\debug\38.jar --output D:\System\Workspace\Android\Regular\TaskDoc\app\build\intermediates\transforms\desugar\debug\39.jar --input D:\System\Workspace\Android\Regular\TaskDoc\app\build\intermediates\transforms\stackFramesFixer\debug\7.jar --output D:\System\Workspace\Android\Regular\TaskDoc\app\build\intermediates\transforms\desugar\debug\8.jar --input D:\System\Workspace\Android\Regular\TaskDoc\app\build\intermediates\transforms\stackFramesFixer\debug\25.jar --output D:\System\Workspace\Android\Regular\TaskDoc\app\build\intermediates\transforms\desugar\debug\26.jar --input D:\System\Workspace\Android\Regular\TaskDoc\app\build\intermediates\transforms\stackFramesFixer\debug\12.jar --output D:\System\Workspace\Android\Regular\TaskDoc\app\build\intermediates\transforms\desugar\debug\13.jar --input D:\System\Workspace\Android\Regular\TaskDoc\app\build\intermediates\transforms\stackFramesFixer\debug\52.jar --output D:\System\Workspace\Android\Regular\TaskDoc\app\build\intermediates\transforms\desugar\debug\52.jar --input D:\System\Workspace\Android\Regular\TaskDoc\app\build\intermediates\transforms\stackFramesFixer\debug\5.jar --output D:\System\Workspace\Android\Regular\TaskDoc\app\build\intermediates\transforms\desugar\debug\6.jar --input D:\System\Workspace\Android\Regular\TaskDoc\app\build\intermediates\transforms\stackFramesFixer\debug\11.jar --output D:\System\Workspace\Android\Regular\TaskDoc\app\build\intermediates\transforms\desugar\debug\12.jar --input D:\System\Workspace\Android\Regular\TaskDoc\app\build\intermediates\transforms\stackFramesFixer\debug\16.jar --output D:\System\Workspace\Android\Regular\TaskDoc\app\build\intermediates\transforms\desugar\debug\17.jar --input D:\System\Workspace\Android\Regular\TaskDoc\app\build\intermediates\transforms\stackFramesFixer\debug\24.jar --output D:\S
java_class_path (initial): C:\Users\dltlg\AppData\Local\Temp\desugar_deploy.jar2447129892005785150
Launcher Type: SUN_STANDARD

Environment Variables:
JAVA_HOME=C:\Program Files\Java\jdk1.8.0_171
PATH=C:\Program Files\Java\jdk1.8.0_171\bin;C:\Windows\system32;C:\Windows;C:\Windows\System32\Wbem;C:\Windows\System32\WindowsPowerShell\v1.0\;C:\Windows\System32\OpenSSH\;D:\Program Files\PuTTY\;C:\Program Files (x86)\MySQL\MySQL Utilities 1.6\;D:\Program Files\Git\cmd;C:\Users\dltlg\AppData\Local\Microsoft\WindowsApps;C:\Program Files\Bandizip\;D:\Program Files\Fiddler
USERNAME=dltlg
OS=Windows_NT
PROCESSOR_IDENTIFIER=Intel64 Family 6 Model 94 Stepping 3, GenuineIntel



---------------  S Y S T E M  ---------------

OS: Windows 10.0 , 64 bit Build 17134 (10.0.17134.1)

CPU:total 4 (initial active 4) (4 cores per cpu, 1 threads per core) family 6 model 94 stepping 3, cmov, cx8, fxsr, mmx, sse, sse2, sse3, ssse3, sse4.1, sse4.2, popcnt, avx, avx2, aes, clmul, erms, rtm, 3dnowpref, lzcnt, tsc, tscinvbit, bmi1, bmi2, adx

Memory: 4k page, physical 8258828k(491508k free), swap 23815560k(3920k free)

vm_info: OpenJDK 64-Bit Server VM (25.152-b02) for windows-amd64 JRE (1.8.0_152-release-1024-b02), built by "builder" with MS VC++ 10.0 (VS2010)

time: Sat Aug 18 02:41:35 2018
elapsed time: 2 seconds (0d 0h 0m 2s)

